TN:
SF:src/app.ts
FNF:0
FNH:0
DA:1,1
DA:2,1
DA:3,1
DA:6,1
DA:8,1
DA:9,1
DA:11,1
LF:7
LH:7
BRF:0
BRH:0
end_of_record
TN:
SF:src/Controllers/usuario-controller.ts
FN:14,(anonymous_1)
FN:69,(anonymous_2)
FN:112,(anonymous_3)
FN:132,(anonymous_4)
FN:144,(anonymous_5)
FN:223,(anonymous_6)
FNF:6
FNH:1
FNDA:1,(anonymous_1)
FNDA:0,(anonymous_2)
FNDA:0,(anonymous_3)
FNDA:0,(anonymous_4)
FNDA:0,(anonymous_5)
FNDA:0,(anonymous_6)
DA:2,1
DA:3,1
DA:4,1
DA:5,1
DA:6,1
DA:12,1
DA:23,1
DA:25,1
DA:26,0
DA:31,1
DA:33,1
DA:34,1
DA:36,1
DA:37,0
DA:42,1
DA:53,1
DA:54,1
DA:56,1
DA:58,1
DA:62,0
DA:63,0
DA:70,0
DA:72,0
DA:73,0
DA:78,0
DA:79,0
DA:81,0
DA:83,0
DA:84,0
DA:89,0
DA:91,0
DA:92,0
DA:97,0
DA:101,0
DA:104,0
DA:105,0
DA:113,0
DA:115,0
DA:116,0
DA:118,0
DA:119,0
DA:121,0
DA:122,0
DA:127,0
DA:128,0
DA:131,0
DA:132,0
DA:134,0
DA:137,0
DA:138,0
DA:145,0
DA:147,0
DA:156,0
DA:159,0
DA:160,0
DA:165,0
DA:167,0
DA:169,0
DA:170,0
DA:175,0
DA:176,0
DA:181,0
DA:182,0
DA:187,0
DA:189,0
DA:191,0
DA:192,0
DA:197,0
DA:205,0
DA:206,0
DA:211,0
DA:215,0
DA:216,0
DA:224,0
DA:225,0
DA:227,0
DA:228,0
DA:233,0
DA:234,0
DA:236,0
DA:237,0
DA:242,0
DA:243,0
DA:248,0
DA:250,0
DA:252,0
DA:253,0
DA:258,0
DA:260,0
DA:264,0
DA:265,0
LF:91
LH:17
BRDA:25,0,0,0
BRDA:25,1,0,1
BRDA:25,1,1,1
BRDA:25,1,2,1
BRDA:36,2,0,0
BRDA:72,3,0,0
BRDA:72,4,0,0
BRDA:72,4,1,0
BRDA:83,5,0,0
BRDA:91,6,0,0
BRDA:97,7,0,0
BRDA:97,7,1,0
BRDA:118,8,0,0
BRDA:121,9,0,0
BRDA:159,10,0,0
BRDA:167,11,0,0
BRDA:167,11,1,0
BRDA:169,12,0,0
BRDA:175,13,0,0
BRDA:181,14,0,0
BRDA:181,15,0,0
BRDA:181,15,1,0
BRDA:181,15,2,0
BRDA:181,15,3,0
BRDA:181,15,4,0
BRDA:181,15,5,0
BRDA:191,16,0,0
BRDA:205,17,0,0
BRDA:227,18,0,0
BRDA:234,19,0,0
BRDA:234,19,1,0
BRDA:236,20,0,0
BRDA:242,21,0,0
BRDA:252,22,0,0
BRF:34
BRH:3
end_of_record
TN:
SF:src/Middleware/auth-middleware.ts
FN:5,authMiddleware
FNF:1
FNH:0
FNDA:0,authMiddleware
DA:2,1
DA:5,1
DA:6,0
DA:8,0
DA:9,0
DA:14,0
DA:16,0
DA:17,0
DA:19,0
DA:22,0
DA:23,0
DA:28,0
LF:12
LH:2
BRDA:8,0,0,0
BRDA:17,1,0,0
BRDA:17,1,1,0
BRDA:22,2,0,0
BRF:4
BRH:0
end_of_record
TN:
SF:src/Repositories/user-repositories.ts
FN:6,(anonymous_1)
FN:31,(anonymous_2)
FN:37,(anonymous_3)
FN:43,(anonymous_4)
FN:49,(anonymous_5)
FN:55,(anonymous_6)
FN:61,(anonymous_7)
FNF:7
FNH:0
FNDA:0,(anonymous_1)
FNDA:0,(anonymous_2)
FNDA:0,(anonymous_3)
FNDA:0,(anonymous_4)
FNDA:0,(anonymous_5)
FNDA:0,(anonymous_6)
FNDA:0,(anonymous_7)
DA:1,1
DA:4,1
DA:7,0
DA:17,0
DA:32,0
DA:33,0
DA:34,0
DA:38,0
DA:39,0
DA:40,0
DA:44,0
DA:45,0
DA:46,0
DA:50,0
DA:51,0
DA:52,0
DA:56,0
DA:57,0
DA:58,0
DA:62,0
DA:63,0
LF:21
LH:2
BRF:0
BRH:0
end_of_record
TN:
SF:src/Routes/routes.ts
FNF:0
FNH:0
DA:1,1
DA:2,1
DA:3,1
DA:5,1
DA:7,1
DA:8,1
DA:10,1
DA:12,1
DA:13,1
DA:14,1
DA:41,1
LF:11
LH:11
BRF:0
BRH:0
end_of_record
TN:
SF:src/db/conexaoDb.ts
FNF:0
FNH:0
DA:1,1
DA:2,1
DA:4,1
DA:6,1
DA:14,1
LF:5
LH:5
BRF:0
BRH:0
end_of_record
TN:
SF:src/models/usuario.ts
FN:16,(anonymous_0)
FN:33,(anonymous_1)
FN:38,(anonymous_2)
FNF:3
FNH:2
FNDA:1,(anonymous_0)
FNDA:0,(anonymous_1)
FNDA:1,(anonymous_2)
DA:2,1
DA:5,1
DA:17,1
DA:18,1
DA:20,1
DA:21,0
DA:24,1
DA:25,1
DA:26,1
DA:27,1
DA:28,1
DA:29,1
DA:30,1
DA:34,0
DA:35,0
DA:39,1
LF:16
LH:13
BRDA:17,0,0,1
BRDA:17,0,1,1
BRDA:20,1,0,0
BRF:3
BRH:2
end_of_record
